2021-03-25T12:48:09+00:00 CRITICAL Uncaught Error: Call to a member function add_fields() on null in D:\Work\OSPanel\domains\agro-zahyst.com.ua\wp-content\themes\agro\functions.php:67
Stack trace:
#0 D:\Work\OSPanel\domains\agro-zahyst.com.ua\wp-includes\class-wp-hook.php(287): agro_attach_theme_options('')
#1 D:\Work\OSPanel\domains\agro-zahyst.com.ua\wp-includes\class-wp-hook.php(311): WP_Hook->apply_filters('', Array)
#2 D:\Work\OSPanel\domains\agro-zahyst.com.ua\wp-includes\plugin.php(484): WP_Hook->do_action(Array)
#3 D:\Work\OSPanel\domains\agro-zahyst.com.ua\wp-content\themes\agro\assets\vendor\htmlburger\carbon-fields\core\Loader\Loader.php(81): do_action('carbon_fields_r...')
#4 D:\Work\OSPanel\domains\agro-zahyst.com.ua\wp-includes\class-wp-hook.php(287): Carbon_Fields\Loader\Loader->trigger_fields_register('')
#5 D:\Work\OSPanel\domains\agro-zahyst.com.ua\wp-includes\class-wp-hook.php(311): WP_Hook->apply_filters(NULL, Array)
#6 D:\Work\OSPanel\domains\agro-zahyst.com.ua\wp-includes\plugin.php(484): WP_Hook->do_action(Array)
#7 D:\W у D:\Work\OSPanel\domains\agro-zahyst.com.ua\wp-content\themes\agro\functions.php доступно 67

2021-03-25T12:50:39+00:00 CRITICAL Uncaught Error: Call to a member function where() on null in D:\Work\OSPanel\domains\agro-zahyst.com.ua\wp-content\themes\agro\functions.php:72
Stack trace:
#0 D:\Work\OSPanel\domains\agro-zahyst.com.ua\wp-includes\class-wp-hook.php(287): home_page_fields('')
#1 D:\Work\OSPanel\domains\agro-zahyst.com.ua\wp-includes\class-wp-hook.php(311): WP_Hook->apply_filters(NULL, Array)
#2 D:\Work\OSPanel\domains\agro-zahyst.com.ua\wp-includes\plugin.php(484): WP_Hook->do_action(Array)
#3 D:\Work\OSPanel\domains\agro-zahyst.com.ua\wp-content\themes\agro\assets\vendor\htmlburger\carbon-fields\core\Loader\Loader.php(81): do_action('carbon_fields_r...')
#4 D:\Work\OSPanel\domains\agro-zahyst.com.ua\wp-includes\class-wp-hook.php(287): Carbon_Fields\Loader\Loader->trigger_fields_register('')
#5 D:\Work\OSPanel\domains\agro-zahyst.com.ua\wp-includes\class-wp-hook.php(311): WP_Hook->apply_filters(NULL, Array)
#6 D:\Work\OSPanel\domains\agro-zahyst.com.ua\wp-includes\plugin.php(484): WP_Hook->do_action(Array)
#7 D:\Work\OSPanel\ у D:\Work\OSPanel\domains\agro-zahyst.com.ua\wp-content\themes\agro\functions.php доступно 72

2021-03-25T13:29:30+00:00 CRITICAL Uncaught Error: Call to a member function add_fields() on null in D:\Work\OSPanel\domains\agro-zahyst.com.ua\wp-content\themes\agro\functions.php:67
Stack trace:
#0 D:\Work\OSPanel\domains\agro-zahyst.com.ua\wp-includes\class-wp-hook.php(287): agro_attach_theme_options('')
#1 D:\Work\OSPanel\domains\agro-zahyst.com.ua\wp-includes\class-wp-hook.php(311): WP_Hook->apply_filters('', Array)
#2 D:\Work\OSPanel\domains\agro-zahyst.com.ua\wp-includes\plugin.php(484): WP_Hook->do_action(Array)
#3 D:\Work\OSPanel\domains\agro-zahyst.com.ua\wp-content\themes\agro\assets\vendor\htmlburger\carbon-fields\core\Loader\Loader.php(81): do_action('carbon_fields_r...')
#4 D:\Work\OSPanel\domains\agro-zahyst.com.ua\wp-includes\class-wp-hook.php(287): Carbon_Fields\Loader\Loader->trigger_fields_register('')
#5 D:\Work\OSPanel\domains\agro-zahyst.com.ua\wp-includes\class-wp-hook.php(311): WP_Hook->apply_filters(NULL, Array)
#6 D:\Work\OSPanel\domains\agro-zahyst.com.ua\wp-includes\plugin.php(484): WP_Hook->do_action(Array)
#7 D:\W у D:\Work\OSPanel\domains\agro-zahyst.com.ua\wp-content\themes\agro\functions.php доступно 67

2021-03-25T13:29:52+00:00 CRITICAL Uncaught Error: Call to a member function add_fields() on null in D:\Work\OSPanel\domains\agro-zahyst.com.ua\wp-content\themes\agro\functions.php:67
Stack trace:
#0 D:\Work\OSPanel\domains\agro-zahyst.com.ua\wp-includes\class-wp-hook.php(287): agro_attach_theme_options('')
#1 D:\Work\OSPanel\domains\agro-zahyst.com.ua\wp-includes\class-wp-hook.php(311): WP_Hook->apply_filters('', Array)
#2 D:\Work\OSPanel\domains\agro-zahyst.com.ua\wp-includes\plugin.php(484): WP_Hook->do_action(Array)
#3 D:\Work\OSPanel\domains\agro-zahyst.com.ua\wp-content\themes\agro\assets\vendor\htmlburger\carbon-fields\core\Loader\Loader.php(81): do_action('carbon_fields_r...')
#4 D:\Work\OSPanel\domains\agro-zahyst.com.ua\wp-includes\class-wp-hook.php(287): Carbon_Fields\Loader\Loader->trigger_fields_register('')
#5 D:\Work\OSPanel\domains\agro-zahyst.com.ua\wp-includes\class-wp-hook.php(311): WP_Hook->apply_filters(NULL, Array)
#6 D:\Work\OSPanel\domains\agro-zahyst.com.ua\wp-includes\plugin.php(484): WP_Hook->do_action(Array)
#7 D:\W у D:\Work\OSPanel\domains\agro-zahyst.com.ua\wp-content\themes\agro\functions.php доступно 67

2021-03-25T13:30:05+00:00 CRITICAL Uncaught Error: Call to a member function add_fields() on null in D:\Work\OSPanel\domains\agro-zahyst.com.ua\wp-content\themes\agro\functions.php:67
Stack trace:
#0 D:\Work\OSPanel\domains\agro-zahyst.com.ua\wp-includes\class-wp-hook.php(287): agro_attach_theme_options('')
#1 D:\Work\OSPanel\domains\agro-zahyst.com.ua\wp-includes\class-wp-hook.php(311): WP_Hook->apply_filters('', Array)
#2 D:\Work\OSPanel\domains\agro-zahyst.com.ua\wp-includes\plugin.php(484): WP_Hook->do_action(Array)
#3 D:\Work\OSPanel\domains\agro-zahyst.com.ua\wp-content\themes\agro\assets\vendor\htmlburger\carbon-fields\core\Loader\Loader.php(81): do_action('carbon_fields_r...')
#4 D:\Work\OSPanel\domains\agro-zahyst.com.ua\wp-includes\class-wp-hook.php(287): Carbon_Fields\Loader\Loader->trigger_fields_register('')
#5 D:\Work\OSPanel\domains\agro-zahyst.com.ua\wp-includes\class-wp-hook.php(311): WP_Hook->apply_filters(NULL, Array)
#6 D:\Work\OSPanel\domains\agro-zahyst.com.ua\wp-includes\plugin.php(484): WP_Hook->do_action(Array)
#7 D:\W у D:\Work\OSPanel\domains\agro-zahyst.com.ua\wp-content\themes\agro\functions.php доступно 67

2021-03-25T13:30:21+00:00 CRITICAL Uncaught Error: Call to a member function add_fields() on null in D:\Work\OSPanel\domains\agro-zahyst.com.ua\wp-content\themes\agro\functions.php:67
Stack trace:
#0 D:\Work\OSPanel\domains\agro-zahyst.com.ua\wp-includes\class-wp-hook.php(287): agro_attach_theme_options('')
#1 D:\Work\OSPanel\domains\agro-zahyst.com.ua\wp-includes\class-wp-hook.php(311): WP_Hook->apply_filters('', Array)
#2 D:\Work\OSPanel\domains\agro-zahyst.com.ua\wp-includes\plugin.php(484): WP_Hook->do_action(Array)
#3 D:\Work\OSPanel\domains\agro-zahyst.com.ua\wp-content\themes\agro\assets\vendor\htmlburger\carbon-fields\core\Loader\Loader.php(81): do_action('carbon_fields_r...')
#4 D:\Work\OSPanel\domains\agro-zahyst.com.ua\wp-includes\class-wp-hook.php(287): Carbon_Fields\Loader\Loader->trigger_fields_register('')
#5 D:\Work\OSPanel\domains\agro-zahyst.com.ua\wp-includes\class-wp-hook.php(311): WP_Hook->apply_filters(NULL, Array)
#6 D:\Work\OSPanel\domains\agro-zahyst.com.ua\wp-includes\plugin.php(484): WP_Hook->do_action(Array)
#7 D:\W у D:\Work\OSPanel\domains\agro-zahyst.com.ua\wp-content\themes\agro\functions.php доступно 67

2021-03-25T13:30:52+00:00 CRITICAL Uncaught Error: Call to a member function add_fields() on null in D:\Work\OSPanel\domains\agro-zahyst.com.ua\wp-content\themes\agro\functions.php:67
Stack trace:
#0 D:\Work\OSPanel\domains\agro-zahyst.com.ua\wp-includes\class-wp-hook.php(287): agro_attach_theme_options('')
#1 D:\Work\OSPanel\domains\agro-zahyst.com.ua\wp-includes\class-wp-hook.php(311): WP_Hook->apply_filters('', Array)
#2 D:\Work\OSPanel\domains\agro-zahyst.com.ua\wp-includes\plugin.php(484): WP_Hook->do_action(Array)
#3 D:\Work\OSPanel\domains\agro-zahyst.com.ua\wp-content\themes\agro\assets\vendor\htmlburger\carbon-fields\core\Loader\Loader.php(81): do_action('carbon_fields_r...')
#4 D:\Work\OSPanel\domains\agro-zahyst.com.ua\wp-includes\class-wp-hook.php(287): Carbon_Fields\Loader\Loader->trigger_fields_register('')
#5 D:\Work\OSPanel\domains\agro-zahyst.com.ua\wp-includes\class-wp-hook.php(311): WP_Hook->apply_filters(NULL, Array)
#6 D:\Work\OSPanel\domains\agro-zahyst.com.ua\wp-includes\plugin.php(484): WP_Hook->do_action(Array)
#7 D:\W у D:\Work\OSPanel\domains\agro-zahyst.com.ua\wp-content\themes\agro\functions.php доступно 67

